<beans xmlns="http://www.springframework.org/schema/beans"
       xmlns:context="http://www.springframework.org/schema/context"
       xmlns:mvc="http://www.springframework.org/schema/mvc"
       xmlns:xsi="http://www.w3.org/2001/XMLSchema-instance"
       xmlns:task="http://www.springframework.org/schema/task"
       xmlns:util="http://www.springframework.org/schema/util"
       xsi:schemaLocation="http://www.springframework.org/schema/mvc http://www.springframework.org/schema/mvc/spring-mvc.xsd
		http://www.springframework.org/schema/task http://www.springframework.org/schema/task/spring-task.xsd
		http://www.springframework.org/schema/beans http://www.springframework.org/schema/beans/spring-beans.xsd
		http://www.springframework.org/schema/context http://www.springframework.org/schema/context/spring-context.xsd
		http://www.springframework.org/schema/util http://www.springframework.org/schema/util/spring-util.xsd">
 
    <util:properties id="environmentProperties" location="classpath:/environments.properties"/>
    <context:property-placeholder location="classpath:/test-jenkins-repository-application.properties"/>
    
    <bean id="restTemplate" class="org.springframework.web.client.RestTemplate">
        <property name="messageConverters">
            <list>
                <bean class="org.springframework.http.converter.StringHttpMessageConverter"/>
                <bean class="org.springframework.http.converter.xml.Jaxb2RootElementHttpMessageConverter"/>
                <bean class="org.springframework.http.converter.json.MappingJackson2HttpMessageConverter"/>
            </list>
        </property>
    </bean>
    
    <task:executor id="executor" pool-size="${executor.pool-size}" queue-capacity="${executor.queue-capacity}" />

    <bean id="jenkinsCredentials" class="com.infusion.data.jenkins.JenkinsCredentials">
        <constructor-arg value="${jenkins.url}" />
        <constructor-arg value="${jenkins.username}" />
        <constructor-arg value="${jenkins.password}" />
    </bean>
    
    <bean id="jenkinsService" name="jenkinsService" class="org.mockito.Mockito" factory-method="mock">
        <constructor-arg value="com.infusion.service.JenkinsService"/>
    </bean>
   
    <context:annotation-config/>
    <context:component-scan base-package="com.infusion" />
    <mvc:annotation-driven />
 
</beans>